<?xml version="1.0" encoding="UTF-8"?>
<testsuite xmlns:xsi="http://www.w3.org/2001/XMLSchema-instance" xsi:noNamespaceSchemaLocation="https://maven.apache.org/surefire/maven-surefire-plugin/xsd/surefire-test-report.xsd" version="3.0.2" name="com.rewards.rewards_api.RewardsApiApplicationTests" time="6.234" tests="1" errors="0" skipped="0" failures="0" flakes="0">
  <properties>
[...]
</properties>
  <testcase name="contextLoads" classname="com.rewards.rewards_api.RewardsApiApplicationTests" time="1.634">
    <system-out><![CDATA[17:09:15.375 [main] INFO org.springframework.test.context.support.AnnotationConfigContextLoaderUtils -- Could not detect default configuration classes for test class [com.rewards.rewards_api.RewardsApiApplicationTests]: RewardsApiApplicationTests does not declare any static, non-private, non-final, nested classes annotated with @Configuration.
17:09:15.733 [main] INFO org.springframework.boot.test.context.SpringBootTestContextBootstrapper -- Found @SpringBootConfiguration com.rewards.rewards_api.RewardsApiApplication for test class com.rewards.rewards_api.RewardsApiApplicationTests
17:09:16.138 [main] INFO org.springframework.boot.devtools.restart.RestartApplicationListener -- Restart disabled due to context in which it is running

  .   ____          _            __ _ _
 /\\ / ___'_ __ _ _(_)_ __  __ _ \ \ \ \
( ( )\___ | '_ | '_| | '_ \/ _` | \ \ \ \
 \\/  ___)| |_)| | | | | || (_| |  ) ) ) )
  '  |____| .__|_| |_|_| |_\__, | / / / /
 =========|_|==============|___/=/_/_/_/

 :: Spring Boot ::               (v3.5.13)

2026-04-09T17:09:16.833+05:30  INFO 17144 --- [rewards-api] [           main] c.r.r.RewardsApiApplicationTests         : Starting RewardsApiApplicationTests using Java 24.0.1 with PID 17144 (started by Guru Raja in C:\Users\Guru Raja\Downloads\rewards-api\rewards-api)
2026-04-09T17:09:16.835+05:30  INFO 17144 --- [rewards-api] [           main] c.r.r.RewardsApiApplicationTests         : No active profile set, falling back to 1 default profile: "default"
2026-04-09T17:09:19.591+05:30  INFO 17144 --- [rewards-api] [           main] c.r.r.RewardsApiApplicationTests         : Started RewardsApiApplicationTests in 3.484 seconds (process running for 6.134)
]]></system-out>
    <system-err><![CDATA[Mockito is currently self-attaching to enable the inline-mock-maker. This will no longer work in future releases of the JDK. Please add Mockito as an agent to your build as described in Mockito's documentation: https://javadoc.io/doc/org.mockito/mockito-core/latest/org.mockito/org/mockito/Mockito.html#0.3
WARNING: A Java agent has been loaded dynamically (C:\Users\Guru Raja\.m2\repository\net\bytebuddy\byte-buddy-agent\1.17.8\byte-buddy-agent-1.17.8.jar)
WARNING: If a serviceability tool is in use, please run with -XX:+EnableDynamicAgentLoading to hide this warning
WARNING: If a serviceability tool is not in use, please run with -Djdk.instrument.traceUsage for more information
WARNING: Dynamic loading of agents will be disallowed by default in a future release
]]></system-err>
  </testcase>
</testsuite>